0 info it worked if it ends with ok
1 verbose cli [ '/usr/bin/nodejs', '/usr/bin/npm', 'run', 'citest' ]
2 info using npm@3.10.8
3 info using node@v6.9.1
4 verbose run-script [ 'precitest', 'citest', 'postcitest' ]
5 info lifecycle an-outlandish-mean-app@1.0.0~precitest: an-outlandish-mean-app@1.0.0
6 silly lifecycle an-outlandish-mean-app@1.0.0~precitest: no script for precitest, continuing
7 info lifecycle an-outlandish-mean-app@1.0.0~citest: an-outlandish-mean-app@1.0.0
8 verbose lifecycle an-outlandish-mean-app@1.0.0~citest: unsafe-perm in lifecycle true
9 verbose lifecycle an-outlandish-mean-app@1.0.0~citest: PATH: /usr/lib/node_modules/npm/bin/node-gyp-bin:/home/birkirfreyr/Desktop/3vikna/dt1/reference-tictactoe/node_modules/.bin:/home/birkirfreyr/bin:/home/birkirfreyr/.local/bin:/usr/local/sbin:/usr/local/bin:/usr/sbin:/usr/bin:/sbin:/bin:/usr/games:/usr/local/games:/snap/bin
10 verbose lifecycle an-outlandish-mean-app@1.0.0~citest: CWD: /home/birkirfreyr/Desktop/3vikna/dt1/reference-tictactoe
11 silly lifecycle an-outlandish-mean-app@1.0.0~citest: Args: [ '-c',
11 silly lifecycle   'CI=true && export NODE_PATH=./src/ && react-scripts test --env=jsdom' ]
12 info lifecycle an-outlandish-mean-app@1.0.0~citest: Failed to exec citest script
13 verbose stack Error: an-outlandish-mean-app@1.0.0 citest: `CI=true && export NODE_PATH=./src/ && react-scripts test --env=jsdom`
13 verbose stack spawn ENOENT
13 verbose stack     at ChildProcess.<anonymous> (/usr/lib/node_modules/npm/lib/utils/spawn.js:33:16)
13 verbose stack     at emitTwo (events.js:106:13)
13 verbose stack     at ChildProcess.emit (events.js:191:7)
13 verbose stack     at maybeClose (internal/child_process.js:877:16)
13 verbose stack     at Process.ChildProcess._handle.onexit (internal/child_process.js:226:5)
14 verbose pkgid an-outlandish-mean-app@1.0.0
15 verbose cwd /home/birkirfreyr/Desktop/3vikna/dt1/reference-tictactoe
16 error Linux 4.4.0-53-generic
17 error argv "/usr/bin/nodejs" "/usr/bin/npm" "run" "citest"
18 error node v6.9.1
19 error npm  v3.10.8
20 error file sh
21 error code ELIFECYCLE
22 error errno ENOENT
23 error syscall spawn
24 error an-outlandish-mean-app@1.0.0 citest: `CI=true && export NODE_PATH=./src/ && react-scripts test --env=jsdom`
24 error spawn ENOENT
25 error Failed at the an-outlandish-mean-app@1.0.0 citest script 'CI=true && export NODE_PATH=./src/ && react-scripts test --env=jsdom'.
25 error Make sure you have the latest version of node.js and npm installed.
25 error If you do, this is most likely a problem with the an-outlandish-mean-app package,
25 error not with npm itself.
25 error Tell the author that this fails on your system:
25 error     CI=true && export NODE_PATH=./src/ && react-scripts test --env=jsdom
25 error You can get information on how to open an issue for this project with:
25 error     npm bugs an-outlandish-mean-app
25 error Or if that isn't available, you can get their info via:
25 error     npm owner ls an-outlandish-mean-app
25 error There is likely additional logging output above.
26 verbose exit [ 1, true ]
